<?xml version="1.0" encoding="UTF-8"?>
<!-- Generated by org.testng.reporters.JUnitReportReporter -->
<testsuite hostname="DESKTOP-81JNK5C" failures="0" tests="1" name="testCases.TC004_NoSuchElementExceptionTest" time="6.212" errors="0" timestamp="2025-03-10T19:19:45 IST" skipped="0">
  <testcase classname="testCases.TC004_NoSuchElementExceptionTest" name="verifyrow2input" time="6.212"/>
</testsuite> <!-- testCases.TC004_NoSuchElementExceptionTest -->
