<?xml version="1.0" encoding="UTF-8"?>
<!-- Generated by org.testng.reporters.JUnitReportReporter -->
<testsuite hostname="DESKTOP-81JNK5C" failures="0" tests="1" name="testCases.TC010_ContactFormTest" time="21.614" errors="0" timestamp="2025-03-12T18:23:09 IST" skipped="0">
  <testcase classname="testCases.TC010_ContactFormTest" name="contactform" time="21.614"/>
</testsuite> <!-- testCases.TC010_ContactFormTest -->
