<?xml version="1.0" encoding="UTF-8"?>
<!-- Generated by org.testng.reporters.JUnitReportReporter -->
<testsuite hostname="DESKTOP-81JNK5C" failures="0" tests="6" name="testCases.TC011_ContactFormDDTTest" time="244.497" errors="0" timestamp="2025-03-12T18:31:24 IST" skipped="0">
  <testcase classname="testCases.TC011_ContactFormDDTTest" name="contactform" time="43.926"/>
  <testcase classname="testCases.TC011_ContactFormDDTTest" name="contactform" time="43.985"/>
  <testcase classname="testCases.TC011_ContactFormDDTTest" name="contactform" time="25.243"/>
  <testcase classname="testCases.TC011_ContactFormDDTTest" name="contactform" time="44.019"/>
  <testcase classname="testCases.TC011_ContactFormDDTTest" name="contactform" time="43.934"/>
  <testcase classname="testCases.TC011_ContactFormDDTTest" name="contactform" time="43.390"/>
</testsuite> <!-- testCases.TC011_ContactFormDDTTest -->
