<?xml version="1.0" encoding="UTF-8"?>
<!-- Generated by org.testng.reporters.JUnitReportReporter -->
<testsuite hostname="DESKTOP-81JNK5C" failures="0" tests="6" name="testCases.TC009_LoginDDTest" time="5.227" errors="0" timestamp="2025-03-13T06:00:24 IST" skipped="0">
  <testcase classname="testCases.TC009_LoginDDTest" name="dtdlogin" time="1.209"/>
  <testcase classname="testCases.TC009_LoginDDTest" name="dtdlogin" time="0.858"/>
  <testcase classname="testCases.TC009_LoginDDTest" name="dtdlogin" time="0.772"/>
  <testcase classname="testCases.TC009_LoginDDTest" name="dtdlogin" time="1.477"/>
  <testcase classname="testCases.TC009_LoginDDTest" name="dtdlogin" time="0.432"/>
  <testcase classname="testCases.TC009_LoginDDTest" name="dtdlogin" time="0.479"/>
</testsuite> <!-- testCases.TC009_LoginDDTest -->
