<?xml version="1.0" encoding="UTF-8"?>
<!-- Generated by org.testng.reporters.JUnitReportReporter -->
<testsuite hostname="DESKTOP-81JNK5C" failures="0" tests="1" name="testCases.TC005_ElementNotInteractableExceptionTest" time="6.294" errors="0" timestamp="2025-03-10T19:19:45 IST" skipped="0">
  <testcase classname="testCases.TC005_ElementNotInteractableExceptionTest" name="ElementNotInteractableExceptionTest" time="6.294"/>
</testsuite> <!-- testCases.TC005_ElementNotInteractableExceptionTest -->
