<?xml version="1.0" encoding="UTF-8"?>
<!-- Generated by org.testng.reporters.JUnitReportReporter -->
<testsuite hostname="DESKTOP-81JNK5C" failures="0" tests="6" name="testCases.TC009_LoginDDTTest" time="5.202" errors="0" timestamp="2025-03-10T19:19:45 IST" skipped="0">
  <testcase classname="testCases.TC009_LoginDDTTest" name="dtdlogin" time="1.433"/>
  <testcase classname="testCases.TC009_LoginDDTTest" name="dtdlogin" time="0.450"/>
  <testcase classname="testCases.TC009_LoginDDTTest" name="dtdlogin" time="0.547"/>
  <testcase classname="testCases.TC009_LoginDDTTest" name="dtdlogin" time="0.818"/>
  <testcase classname="testCases.TC009_LoginDDTTest" name="dtdlogin" time="1.175"/>
  <testcase classname="testCases.TC009_LoginDDTTest" name="dtdlogin" time="0.779"/>
</testsuite> <!-- testCases.TC009_LoginDDTTest -->
