<?xml version="1.0" encoding="UTF-8"?>
<!-- Generated by org.testng.reporters.JUnitReportReporter -->
<testsuite hostname="DESKTOP-81JNK5C" failures="0" tests="3" name="testCases.TC001_PositiveLoginTest" time="0.127" errors="0" timestamp="2025-03-10T19:19:45 IST" skipped="0">
  <testcase classname="testCases.TC001_PositiveLoginTest" name="verifyurl" time="0.014"/>
  <testcase classname="testCases.TC001_PositiveLoginTest" name="verifycongratulationmsg" time="0.039"/>
  <testcase classname="testCases.TC001_PositiveLoginTest" name="logoutbtncheck" time="0.074"/>
</testsuite> <!-- testCases.TC001_PositiveLoginTest -->
