<?xml version="1.0" encoding="UTF-8"?>
<!-- Generated by org.testng.reporters.JUnitReportReporter -->
<testsuite hostname="DESKTOP-81JNK5C" failures="0" tests="6" name="testCases.TC009_LoginDDTest" time="6.684" errors="0" timestamp="2025-03-23T13:12:26 IST" skipped="0">
  <testcase classname="testCases.TC009_LoginDDTest" name="dtdlogin" time="0.584"/>
  <testcase classname="testCases.TC009_LoginDDTest" name="dtdlogin" time="0.580"/>
  <testcase classname="testCases.TC009_LoginDDTest" name="dtdlogin" time="1.243"/>
  <testcase classname="testCases.TC009_LoginDDTest" name="dtdlogin" time="1.833"/>
  <testcase classname="testCases.TC009_LoginDDTest" name="dtdlogin" time="0.720"/>
  <testcase classname="testCases.TC009_LoginDDTest" name="dtdlogin" time="1.724"/>
</testsuite> <!-- testCases.TC009_LoginDDTest -->
