<?xml version="1.0" encoding="UTF-8"?>
<!-- Generated by org.testng.reporters.JUnitReportReporter -->
<testsuite hostname="DESKTOP-81JNK5C" failures="0" tests="1" name="testCases.TC008_TimeoutExceptionTest" time="6.654" errors="0" timestamp="2025-03-23T13:36:05 IST" skipped="0">
  <testcase classname="testCases.TC008_TimeoutExceptionTest" name="verifysecondinputDisplayed" time="6.654"/>
</testsuite> <!-- testCases.TC008_TimeoutExceptionTest -->
