<?xml version="1.0" encoding="UTF-8"?>
<!-- Generated by org.testng.reporters.JUnitReportReporter -->
<testsuite hostname="DESKTOP-81JNK5C" failures="0" tests="1" name="testCases.TC006_InvalidElementStateExceptionTest" time="3.377" errors="0" timestamp="2025-03-23T13:12:26 IST" skipped="0">
  <testcase classname="testCases.TC006_InvalidElementStateExceptionTest" name="disabledinput" time="3.377"/>
</testsuite> <!-- testCases.TC006_InvalidElementStateExceptionTest -->
