<?xml version="1.0" encoding="UTF-8"?>
<!-- Generated by org.testng.reporters.JUnitReportReporter -->
<testsuite hostname="DESKTOP-81JNK5C" failures="0" tests="6" name="testCases.TC009_LoginDDTest" time="8.010" errors="0" timestamp="2025-03-23T13:36:05 IST" skipped="0">
  <testcase classname="testCases.TC009_LoginDDTest" name="dtdlogin" time="1.185"/>
  <testcase classname="testCases.TC009_LoginDDTest" name="dtdlogin" time="2.830"/>
  <testcase classname="testCases.TC009_LoginDDTest" name="dtdlogin" time="0.820"/>
  <testcase classname="testCases.TC009_LoginDDTest" name="dtdlogin" time="0.719"/>
  <testcase classname="testCases.TC009_LoginDDTest" name="dtdlogin" time="1.991"/>
  <testcase classname="testCases.TC009_LoginDDTest" name="dtdlogin" time="0.465"/>
</testsuite> <!-- testCases.TC009_LoginDDTest -->
