<?xml version="1.0" encoding="UTF-8"?>
<!-- Generated by org.testng.reporters.JUnitReportReporter -->
<testsuite hostname="DESKTOP-81JNK5C" failures="0" tests="1" name="testCases.TC004_NoSuchElementExceptionTest" time="7.422" errors="0" timestamp="2025-03-23T13:12:26 IST" skipped="0">
  <testcase classname="testCases.TC004_NoSuchElementExceptionTest" name="verifyrow2input" time="7.422"/>
</testsuite> <!-- testCases.TC004_NoSuchElementExceptionTest -->
