<?xml version="1.0" encoding="UTF-8"?>
<!-- Generated by org.testng.reporters.JUnitReportReporter -->
<testsuite hostname="DESKTOP-81JNK5C" failures="0" tests="3" name="testCases.TC001_PositiveLoginTest" time="3.367" errors="0" timestamp="2025-03-08T14:27:08 IST" skipped="0">
  <testcase classname="testCases.TC001_PositiveLoginTest" name="verifyurl" time="0.989"/>
  <testcase classname="testCases.TC001_PositiveLoginTest" name="verifyurl" time="1.438"/>
  <testcase classname="testCases.TC001_PositiveLoginTest" name="verifyurl" time="0.940"/>
</testsuite> <!-- testCases.TC001_PositiveLoginTest -->
