<?xml version="1.0" encoding="UTF-8"?>
<!-- Generated by org.testng.reporters.JUnitReportReporter -->
<testsuite hostname="DESKTOP-81JNK5C" failures="0" tests="3" name="testCases.TC001_PositiveLoginTest" time="0.140" errors="0" timestamp="2025-03-23T13:12:26 IST" skipped="0">
  <testcase classname="testCases.TC001_PositiveLoginTest" name="verifycongratulationmsg" time="0.036"/>
  <testcase classname="testCases.TC001_PositiveLoginTest" name="verifyurl" time="0.011"/>
  <testcase classname="testCases.TC001_PositiveLoginTest" name="logoutbtncheck" time="0.093"/>
</testsuite> <!-- testCases.TC001_PositiveLoginTest -->
