<?xml version="1.0" encoding="UTF-8"?>
<!-- Generated by org.testng.reporters.JUnitReportReporter -->
<testsuite hostname="DESKTOP-81JNK5C" failures="0" tests="1" name="testCases.TC002_NegativeUserNameTest" time="4.538" errors="0" timestamp="2025-03-23T13:12:26 IST" skipped="0">
  <testcase classname="testCases.TC002_NegativeUserNameTest" name="negativeusername" time="4.538"/>
</testsuite> <!-- testCases.TC002_NegativeUserNameTest -->
