<?xml version="1.0" encoding="UTF-8"?>
<!-- Generated by org.testng.reporters.JUnitReportReporter -->
<testsuite hostname="DESKTOP-81JNK5C" failures="0" tests="6" name="testCases.TC011_ContactFormDDTest" time="192.366" errors="0" timestamp="2025-03-23T13:12:26 IST" skipped="0">
  <testcase classname="testCases.TC011_ContactFormDDTest" name="contactform" time="32.238"/>
  <testcase classname="testCases.TC011_ContactFormDDTest" name="contactform" time="32.982"/>
  <testcase classname="testCases.TC011_ContactFormDDTest" name="contactform" time="33.140"/>
  <testcase classname="testCases.TC011_ContactFormDDTest" name="contactform" time="33.261"/>
  <testcase classname="testCases.TC011_ContactFormDDTest" name="contactform" time="33.078"/>
  <testcase classname="testCases.TC011_ContactFormDDTest" name="contactform" time="27.667"/>
</testsuite> <!-- testCases.TC011_ContactFormDDTest -->
